<?xml version="1.0" encoding="UTF-8"?>
<!-- Generated by org.testng.reporters.JUnitXMLReporter -->
<testsuite ignored="0" hostname="DESKTOP-SDTGPN5" failures="0" tests="5" name="Test" time="0.215" errors="0" timestamp="2024-02-05T19:56:35 IST">
  <testcase classname="smokeTest.filterProductFunctionality" name="@BeforeSuite myBeforeTest" time="94.814">
    <failure type="org.openqa.selenium.NoSuchWindowException" message="no such window: target window already closed
from unknown error: web view not found
  (Session info: chrome=121.0.6167.140)
Build info: version: &amp;apos;4.17.0&amp;apos;, revision: &amp;apos;e52b1be057*&amp;apos;
System info: os.name: &amp;apos;Windows 10&amp;apos;, os.arch: &amp;apos;amd64&amp;apos;, os.version: &amp;apos;10.0&amp;apos;, java.version: &amp;apos;21.0.2&amp;apos;
Driver info: org.openqa.selenium.chrome.ChromeDriver
Command: [cfc4dda576a34a7d23983f4710b687ec, maximizeCurrentWindow {}]
Capabilities {acceptInsecureCerts: false, browserName: chrome, browserVersion: 121.0.6167.140, chrome: {chromedriverVersion: 121.0.6167.85 (3f98d690ad7e..., userDataDir: C:\Users\hp\AppData\Local\T...}, fedcm:accounts: true, goog:chromeOptions: {debuggerAddress: localhost:49809}, networkConnectionEnabled: false, pageLoadStrategy: normal, platformName: windows, proxy: Proxy(), se:cdp: ws://localhost:49809/devtoo..., se:cdpVersion: 121.0.6167.140, setWindowRect: true, strictFileInteractability: false, timeouts: {implicit: 0, pageLoad: 300000, script: 30000}, unhandledPromptBehavior: dismiss and notify, webauthn:extension:credBlob: true, webauthn:extension:largeBlob: true, webauthn:extension:minPinLength: true, webauthn:extension:prf: true, webauthn:virtualAuthenticators: true}
Session ID: cfc4dda576a34a7d23983f4710b687ec">
      <![CDATA[org.openqa.selenium.NoSuchWindowException: no such window: target window already closed
from unknown error: web view not found
  (Session info: chrome=121.0.6167.140)
Build info: version: '4.17.0', revision: 'e52b1be057*'
System info: os.name: 'Windows 10', os.arch: 'amd64', os.version: '10.0', java.version: '21.0.2'
Driver info: org.openqa.selenium.chrome.ChromeDriver
Command: [cfc4dda576a34a7d23983f4710b687ec, maximizeCurrentWindow {}]
Capabilities {acceptInsecureCerts: false, browserName: chrome, browserVersion: 121.0.6167.140, chrome: {chromedriverVersion: 121.0.6167.85 (3f98d690ad7e..., userDataDir: C:\Users\hp\AppData\Local\T...}, fedcm:accounts: true, goog:chromeOptions: {debuggerAddress: localhost:49809}, networkConnectionEnabled: false, pageLoadStrategy: normal, platformName: windows, proxy: Proxy(), se:cdp: ws://localhost:49809/devtoo..., se:cdpVersion: 121.0.6167.140, setWindowRect: true, strictFileInteractability: false, timeouts: {implicit: 0, pageLoad: 300000, script: 30000}, unhandledPromptBehavior: dismiss and notify, webauthn:extension:credBlob: true, webauthn:extension:largeBlob: true, webauthn:extension:minPinLength: true, webauthn:extension:prf: true, webauthn:virtualAuthenticators: true}
Session ID: cfc4dda576a34a7d23983f4710b687ec
at org.openqa.selenium.remote.codec.w3c.W3CHttpResponseCodec.createException(W3CHttpResponseCodec.java:185)
at org.openqa.selenium.remote.codec.w3c.W3CHttpResponseCodec.decode(W3CHttpResponseCodec.java:134)
at org.openqa.selenium.remote.codec.w3c.W3CHttpResponseCodec.decode(W3CHttpResponseCodec.java:51)
at org.openqa.selenium.remote.HttpCommandExecutor.execute(HttpCommandExecutor.java:190)
at org.openqa.selenium.remote.service.DriverCommandExecutor.invokeExecute(DriverCommandExecutor.java:216)
at org.openqa.selenium.remote.service.DriverCommandExecutor.execute(DriverCommandExecutor.java:174)
at org.openqa.selenium.remote.RemoteWebDriver.execute(RemoteWebDriver.java:519)
at org.openqa.selenium.remote.RemoteWebDriver.execute(RemoteWebDriver.java:592)
at org.openqa.selenium.remote.RemoteWebDriver.execute(RemoteWebDriver.java:596)
at org.openqa.selenium.remote.RemoteWebDriver$RemoteWebDriverOptions$RemoteWindow.maximize(RemoteWebDriver.java:1035)
at pageObjects.actions.maximizeBrowser(actions.java:14)
at smokeTest.filterProductFunctionality.myBeforeTest(filterProductFunctionality.java:26)
... Removed 20 stack frames]]>
    </failure>
  </testcase> <!-- @BeforeSuite myBeforeTest -->
  <testcase classname="smokeTest.homePage" name="@BeforeSuite myBeforeTest" time="-1.707155795076E9">
    <skipped/>
  </testcase> <!-- @BeforeSuite myBeforeTest -->
  <testcase classname="smokeTest.loginPage" name="@BeforeSuite myBeforeTest" time="-1.707155795077E9">
    <skipped/>
  </testcase> <!-- @BeforeSuite myBeforeTest -->
  <testcase classname="smokeTest.searchFunctionality" name="@BeforeSuite myBeforeTest" time="-1.707155795079E9">
    <skipped/>
  </testcase> <!-- @BeforeSuite myBeforeTest -->
  <testcase classname="smokeTest.filterProductFunctionality" name="filterProduct" time="0.0">
    <skipped/>
  </testcase> <!-- filterProduct -->
  <testcase classname="smokeTest.homePage" name="myTest" time="0.0">
    <skipped/>
  </testcase> <!-- myTest -->
  <testcase classname="smokeTest.homePage" name="myTest3" time="0.0">
    <skipped/>
  </testcase> <!-- myTest3 -->
  <testcase classname="smokeTest.loginPage" name="login" time="0.0">
    <skipped/>
  </testcase> <!-- login -->
  <testcase classname="smokeTest.searchFunctionality" name="searchItems" time="0.0">
    <skipped/>
  </testcase> <!-- searchItems -->
</testsuite> <!-- Test -->
